Fitter Finalize Stage Report for top
Thu Aug  8 11:06:02 2024
Quartus Prime Version 24.1.0 Internal Build 111 03/17/2024 SC Pro Edition


---------------------
; Table of Contents ;
---------------------
  1. Legal Notice
  2. Routing Usage Summary
  3. Finalize Messages



----------------
; Legal Notice ;
----------------
Copyright (C) 2024  Intel Corporation. All rights reserved.
Your use of Intel Corporation's design tools, logic functions 
and other software and tools, and any partner logic 
functions, and any output files from any of the foregoing 
(including device programming or simulation files), and any 
associated documentation or information are expressly subject 
to the terms and conditions of the Intel Program License 
Subscription Agreement, the Intel Quartus Prime License Agreement,
the Intel FPGA IP License Agreement, or other applicable license
agreement, including, without limitation, that your use is for
the sole purpose of programming logic devices manufactured by
Intel and sold by Intel or its authorized distributors.  Please
refer to the Intel FPGA Software License Subscription Agreements 
on the Quartus Prime software download page.



+------------------------------------------------------------+
; Routing Usage Summary                                      ;
+-----------------------------+------------------------------+
; Routing Resource Type       ; Usage                        ;
+-----------------------------+------------------------------+
; Block Input Mux Wrapbacks   ; 5 / 516,600 ( < 1 % )        ;
; Block Input Muxes           ; 38,047 / 5,658,000 ( < 1 % ) ;
; Block interconnects         ; 31,402 / 6,625,600 ( < 1 % ) ;
; C1 interconnects            ; 16,982 / 2,769,200 ( < 1 % ) ;
; C4 interconnects            ; 4,724 / 2,640,400 ( < 1 % )  ;
; C8 interconnects            ; 459 / 264,040 ( < 1 % )      ;
; DCM_muxes                   ; 0 / 824 ( 0 % )              ;
; DELAY_CHAINs                ; 0 / 17,290 ( 0 % )           ;
; Direct links                ; 6,387 / 6,625,600 ( < 1 % )  ;
; HIO Buffers                 ; 0 / 45,920 ( 0 % )           ;
; Programmable Invert Buffers ; 0 / 480 ( 0 % )              ;
; Programmable Invert Inputs  ; 808 / 513,810 ( < 1 % )      ;
; Programmable Inverts        ; 808 / 513,810 ( < 1 % )      ;
; R0 interconnects            ; 22,233 / 4,620,700 ( < 1 % ) ;
; R1 interconnects            ; 13,963 / 2,640,400 ( < 1 % ) ;
; R12 interconnects           ; 614 / 396,060 ( < 1 % )      ;
; R2 interconnects            ; 5,326 / 1,324,300 ( < 1 % )  ;
; R4 interconnects            ; 2,866 / 1,332,500 ( < 1 % )  ;
; R6 interconnects            ; 3,404 / 1,336,600 ( < 1 % )  ;
; Redundancy Muxes            ; 1 / 90,920 ( < 1 % )         ;
; Row Clock Tap-Offs          ; 794 / 396,060 ( < 1 % )      ;
; Switchbox_clock_muxes       ; 3 / 13,440 ( < 1 % )         ;
; VIO Buffers                 ; 67 / 19,200 ( < 1 % )        ;
; Vertical_seam_tap_muxes     ; 2 / 6,720 ( < 1 % )          ;
+-----------------------------+------------------------------+


+-------------------+
; Finalize Messages ;
+-------------------+
Info (20030): Parallel compilation is enabled and will use 4 of the 4 processors detected
Info: *******************************************************************
Info: Running Quartus Prime Fitter
    Info: Version 24.1.0 Internal Build 111 03/17/2024 SC Pro Edition
    Info: Processing started: Thu Aug  8 10:36:07 2024
    Info: System process ID: 26648
Info: Command: quartus_fit --read_settings_files=on --write_settings_files=off top -c top --plan --place --route --retime --finalize
Info: Using INI file C:/Users/nshirazi/quartus.ini
Info: qfit2_default_script.tcl version: #1
Info: Project  = top
Info: Revision = top
Info (21077): Low junction temperature is -40 degrees C
Info (21077): High junction temperature is 100 degrees C
Info (18258): Fitter Physical Synthesis operations beginning
Info (18259): Fitter Physical Synthesis operations ending: elapsed time is 00:00:08
Critical Warning (19527): There are 44 unused RX channels and 44 unused TX channels in the design.
    Info (19528): Add the QSF assignment 'set_instance_assignment -name PRESERVE_UNUSED_XCVR_CHANNEL ON -to <pin_name>' for each unused channel that will be used in future.
    Info (19529): The above QSF assignment will preserve the performance of specified channels over time.
Info (16557): Fitter post-fit operations ending: elapsed time is 00:07:24


